Using pre-set license
Built from '2020.3/staging' branch; Version is '2020.3.18f1 (a7d1c678663c) revision 10998214'; Using compiler version '192528614'; Build Type 'Release'
OS: 'Windows 10 Home; OS build 19043.1237; Version 2009; 64bit' Language: 'en' Physical Memory: 16330 MB
BatchMode: 1, IsHumanControllingUs: 0, StartBugReporterOnCrash: 0, Is64bit: 1, IsPro: 0

COMMAND LINE ARGUMENTS:
C:\Program Files\Unity\Editor\Unity.exe
-adb2
-batchMode
-noUpm
-name
AssetImportWorker0
-projectPath
C:/Users/skill/Documents/Ahmed Syed/Unity/checkers
-logFile
Logs/AssetImportWorker0.log
-srvPort
65448
Successfully changed project path to: C:/Users/skill/Documents/Ahmed Syed/Unity/checkers
C:/Users/skill/Documents/Ahmed Syed/Unity/checkers
Using Asset Import Pipeline V2.
Refreshing native plugins compatible for Editor in 21.41 ms, found 2 plugins.
Preloading 0 native plugins for Editor in 0.00 ms.
Initialize engine version: 2020.3.18f1 (a7d1c678663c)
[Subsystems] Discovering subsystems at path C:/Program Files/Unity/Editor/Data/Resources/UnitySubsystems
[Subsystems] Discovering subsystems at path C:/Users/skill/Documents/Ahmed Syed/Unity/checkers/Assets
GfxDevice: creating device client; threaded=0
Direct3D:
    Version:  Direct3D 11.0 [level 11.1]
    Renderer: NVIDIA GeForce RTX 3070 (ID=0x2484)
    Vendor:   
    VRAM:     8043 MB
    Driver:   27.21.14.6627
Initialize mono
Mono path[0] = 'C:/Program Files/Unity/Editor/Data/Managed'
Mono path[1] = 'C:/Program Files/Unity/Editor/Data/MonoBleedingEdge/lib/mono/unityjit'
Mono config path = 'C:/Program Files/Unity/Editor/Data/MonoBleedingEdge/etc'
Using monoOptions --debugger-agent=transport=dt_socket,embedding=1,server=y,suspend=n,address=127.0.0.1:56796
Begin MonoManager ReloadAssembly
Registering precompiled unity dll's ...
Register platform support module: C:/Program Files/Unity/Editor/Data/PlaybackEngines/WindowsStandaloneSupport/UnityEditor.WindowsStandalone.Extensions.dll
Registered in 0.001369 seconds.
Native extension for WindowsStandalone target not found
Refreshing native plugins compatible for Editor in 20.86 ms, found 2 plugins.
Preloading 0 native plugins for Editor in 0.00 ms.
Mono: successfully reloaded assembly
- Completed reload, in  0.689 seconds
Domain Reload Profiling:
	ReloadAssembly (689ms)
		BeginReloadAssembly (37ms)
			ExecutionOrderSort (0ms)
			DisableScriptedObjects (0ms)
			BackupInstance (0ms)
			ReleaseScriptingObjects (0ms)
			CreateAndSetChildDomain (1ms)
		EndReloadAssembly (260ms)
			LoadAssemblies (36ms)
			RebuildTransferFunctionScriptingTraits (0ms)
			SetupTypeCache (90ms)
			ReleaseScriptCaches (0ms)
			RebuildScriptCaches (19ms)
			SetupLoadedEditorAssemblies (107ms)
				LogAssemblyErrors (0ms)
				InitializePlatformSupportModulesInManaged (3ms)
				SetLoadedEditorAssemblies (0ms)
				RefreshPlugins (21ms)
				BeforeProcessingInitializeOnLoad (9ms)
				ProcessInitializeOnLoadAttributes (56ms)
				ProcessInitializeOnLoadMethodAttributes (18ms)
				AfterProcessingInitializeOnLoad (0ms)
				EditorAssembliesLoaded (0ms)
			ExecutionOrderSort2 (0ms)
			AwakeInstancesAfterBackupRestoration (0ms)
Platform modules already initialized, skipping
Registering precompiled user dll's ...
Registered in 0.001950 seconds.
Begin MonoManager ReloadAssembly
Native extension for WindowsStandalone target not found
Refreshing native plugins compatible for Editor in 0.33 ms, found 2 plugins.
Preloading 0 native plugins for Editor in 0.00 ms.
Mono: successfully reloaded assembly
- Completed reload, in  0.642 seconds
Domain Reload Profiling:
	ReloadAssembly (642ms)
		BeginReloadAssembly (100ms)
			ExecutionOrderSort (0ms)
			DisableScriptedObjects (3ms)
			BackupInstance (0ms)
			ReleaseScriptingObjects (0ms)
			CreateAndSetChildDomain (16ms)
		EndReloadAssembly (499ms)
			LoadAssemblies (59ms)
			RebuildTransferFunctionScriptingTraits (0ms)
			SetupTypeCache (162ms)
			ReleaseScriptCaches (0ms)
			RebuildScriptCaches (25ms)
			SetupLoadedEditorAssemblies (198ms)
				LogAssemblyErrors (0ms)
				InitializePlatformSupportModulesInManaged (4ms)
				SetLoadedEditorAssemblies (0ms)
				RefreshPlugins (0ms)
				BeforeProcessingInitializeOnLoad (55ms)
				ProcessInitializeOnLoadAttributes (130ms)
				ProcessInitializeOnLoadMethodAttributes (3ms)
				AfterProcessingInitializeOnLoad (5ms)
				EditorAssembliesLoaded (0ms)
			ExecutionOrderSort2 (0ms)
			AwakeInstancesAfterBackupRestoration (4ms)
Platform modules already initialized, skipping
========================================================================
Worker process is ready to serve import requests
Launched and connected shader compiler UnityShaderCompiler.exe after 0.04 seconds
Refreshing native plugins compatible for Editor in 0.30 ms, found 2 plugins.
Preloading 0 native plugins for Editor in 0.00 ms.
Unloading 1397 Unused Serialized files (Serialized files now loaded: 0)
System memory in use before: 64.8 MB.
System memory in use after: 64.9 MB.

Unloading 16 unused Assets to reduce memory usage. Loaded Objects now: 1832.
Total: 2.547400 ms (FindLiveObjects: 0.097900 ms CreateObjectMapping: 0.026700 ms MarkObjects: 2.364400 ms  DeleteObjects: 0.057800 ms)

AssetImportParameters requested are different than current active one (requested -> active):
  custom:framework-win-MediaFoundation: 216162199b28c13a410421893ffa2e32 -> 
  custom:video-decoder-ogg-theora: a1e56fd34408186e4bbccfd4996cb3dc -> 
  custom:container-muxer-webm: aa71ff27fc2769a1b78a27578f13a17b -> 
  custom:container-demuxer-webm: 4f35f7cbe854078d1ac9338744f61a02 -> 
  custom:container-demuxer-ogg: 62fdf1f143b41e24485cea50d1cbac27 -> 
  custom:video-encoder-webm-vp8: eb34c28f22e8b96e1ab97ce403110664 -> 
  custom:video-decoder-webm-vp8: 9c59270c3fd7afecdb556c50c9e8de78 -> 
  custom:audio-decoder-ogg-vorbis: bf7c407c2cedff20999df2af8eb42d56 -> 
  custom:audio-encoder-webm-vorbis: bf7c407c2cedff20999df2af8eb42d56 -> 
========================================================================
Received Import Request.
  path: Assets/Free Low Poly Chess Set
  artifactKey: Guid(361762139bcf7414586b118732784b78) Importer(815301076,1909f56bfc062723c751e8b465ee728b)
Start importing Assets/Free Low Poly Chess Set using Guid(361762139bcf7414586b118732784b78) Importer(815301076,1909f56bfc062723c751e8b465ee728b)  -> (artifact id: '9015bb089ec9ff1f585b6c503ed51a2b') in 0.007758 seconds 
  Import took 0.009395 seconds .

========================================================================
Received Import Request.
  Time since last request: 2.991142 seconds.
  path: Assets/Free Low Poly Chess Set/Board
  artifactKey: Guid(a54e9288ac6a0f049b10177ecf1bfdec) Importer(815301076,1909f56bfc062723c751e8b465ee728b)
Start importing Assets/Free Low Poly Chess Set/Board using Guid(a54e9288ac6a0f049b10177ecf1bfdec) Importer(815301076,1909f56bfc062723c751e8b465ee728b)  -> (artifact id: '2c8d44f7b4f82d1551291e9d9eae3aa0') in 0.006588 seconds 
  Import took 0.008453 seconds .

========================================================================
Received Import Request.
  Time since last request: 38.307940 seconds.
  path: Assets/Free Low Poly Chess Set/Board/Prefabs
  artifactKey: Guid(6e2c5fe1debfc5c48a4eb9bc82db38c4) Importer(815301076,1909f56bfc062723c751e8b465ee728b)
Start importing Assets/Free Low Poly Chess Set/Board/Prefabs using Guid(6e2c5fe1debfc5c48a4eb9bc82db38c4) Importer(815301076,1909f56bfc062723c751e8b465ee728b)  -> (artifact id: '3e5df0b3deb67c1ba9fe4b322093f747') in 0.006124 seconds 
  Import took 0.008113 seconds .

========================================================================
Received Import Request.
  Time since last request: 0.075267 seconds.
  path: Assets/Free Low Poly Chess Set/Board/Prefabs/Board.prefab
  artifactKey: Guid(5b856ec4f8f8cb84f861f8f8a026c288) Importer(815301076,1909f56bfc062723c751e8b465ee728b)
Start importing Assets/Free Low Poly Chess Set/Board/Prefabs/Board.prefab using Guid(5b856ec4f8f8cb84f861f8f8a026c288) Importer(815301076,1909f56bfc062723c751e8b465ee728b)  -> (artifact id: 'ff526f9990db2dd8d58a80b69e295edc') in 0.069059 seconds 
  Import took 0.071255 seconds .

========================================================================
Received Import Request.
  Time since last request: 40.873728 seconds.
  path: Assets
  artifactKey: Guid(00000000000000001000000000000000) Importer(815301076,1909f56bfc062723c751e8b465ee728b)
Start importing Assets using Guid(00000000000000001000000000000000) Importer(815301076,1909f56bfc062723c751e8b465ee728b)  -> (artifact id: '42d402b061de3733987d63b9cc3b64de') in 0.005093 seconds 
  Import took 0.007394 seconds .

========================================================================
Received Import Request.
  Time since last request: 31.495092 seconds.
  path: Assets/Materials
  artifactKey: Guid(c5c9129c28e58dd4299e639f834656f8) Importer(815301076,1909f56bfc062723c751e8b465ee728b)
Start importing Assets/Materials using Guid(c5c9129c28e58dd4299e639f834656f8) Importer(815301076,1909f56bfc062723c751e8b465ee728b)  -> (artifact id: 'a0512708462d88f09c4f4cca481cce6d') in 0.005095 seconds 
  Import took 0.007345 seconds .

========================================================================
Received Import Request.
  Time since last request: 7.580504 seconds.
  path: Assets/Materials/Red.mat
  artifactKey: Guid(e500ca86fea84d2438dc47780cb57576) Importer(815301076,1909f56bfc062723c751e8b465ee728b)
Start importing Assets/Materials/Red.mat using Guid(e500ca86fea84d2438dc47780cb57576) Importer(815301076,1909f56bfc062723c751e8b465ee728b)  -> (artifact id: '7fecd28b0b03c5e2ccb4b0d8d9d65301') in 0.027481 seconds 
  Import took 0.029904 seconds .

========================================================================
Received Import Request.
  Time since last request: 33.989186 seconds.
  path: Assets/Materials/Black.mat
  artifactKey: Guid(2c7cf6db7466edd448711935f9d2894f) Importer(815301076,1909f56bfc062723c751e8b465ee728b)
Start importing Assets/Materials/Black.mat using Guid(2c7cf6db7466edd448711935f9d2894f) Importer(815301076,1909f56bfc062723c751e8b465ee728b)  -> (artifact id: '2337847b14268a0a7db56b3d111e7927') in 0.010398 seconds 
  Import took 0.012881 seconds .

========================================================================
Received Import Request.
  Time since last request: 15.659156 seconds.
  path: Assets/Prefabs
  artifactKey: Guid(835f8442d4bfca144bdfa5e7dd776c68) Importer(815301076,1909f56bfc062723c751e8b465ee728b)
Start importing Assets/Prefabs using Guid(835f8442d4bfca144bdfa5e7dd776c68) Importer(815301076,1909f56bfc062723c751e8b465ee728b)  -> (artifact id: '3ec3a2627aca32e6fd6d4a28a4a5cd30') in 0.001473 seconds 
  Import took 0.003324 seconds .

========================================================================
Received Import Request.
  Time since last request: 2.716825 seconds.
  path: Assets/Prefabs/Red Piece.prefab
  artifactKey: Guid(fbe7cc0910939ca46af8be7c2538a1cb) Importer(815301076,1909f56bfc062723c751e8b465ee728b)
Start importing Assets/Prefabs/Red Piece.prefab using Guid(fbe7cc0910939ca46af8be7c2538a1cb) Importer(815301076,1909f56bfc062723c751e8b465ee728b)  -> (artifact id: '77c4fae6deee605c706039fead10203b') in 0.008276 seconds 
  Import took 0.010487 seconds .

========================================================================
Received Import Request.
  Time since last request: 1.941858 seconds.
  path: Assets/Prefabs/Black Piece.prefab
  artifactKey: Guid(6e262398f8f63ba4397e56b44d618d71) Importer(815301076,1909f56bfc062723c751e8b465ee728b)
Start importing Assets/Prefabs/Black Piece.prefab using Guid(6e262398f8f63ba4397e56b44d618d71) Importer(815301076,1909f56bfc062723c751e8b465ee728b)  -> (artifact id: '9bee48cd405a8f40a5b58d908a47bae1') in 0.008224 seconds 
  Import took 0.010326 seconds .

========================================================================
Received Import Request.
  Time since last request: 17.863825 seconds.
  path: Assets/GenerateBoard.cs
  artifactKey: Guid(5979894040aeef5419a9cedbd021ea64) Importer(815301076,1909f56bfc062723c751e8b465ee728b)
Start importing Assets/GenerateBoard.cs using Guid(5979894040aeef5419a9cedbd021ea64) Importer(815301076,1909f56bfc062723c751e8b465ee728b)  -> (artifact id: '0a552a2e44eb6bdd2a7762a2d218df07') in 0.006321 seconds 
  Import took 0.008460 seconds .

========================================================================
Received Prepare
Registering precompiled user dll's ...
Registered in 0.002160 seconds.
Begin MonoManager ReloadAssembly
Native extension for WindowsStandalone target not found
Refreshing native plugins compatible for Editor in 0.32 ms, found 2 plugins.
Preloading 0 native plugins for Editor in 0.00 ms.
Mono: successfully reloaded assembly
- Completed reload, in  0.603 seconds
Domain Reload Profiling:
	ReloadAssembly (603ms)
		BeginReloadAssembly (90ms)
			ExecutionOrderSort (0ms)
			DisableScriptedObjects (3ms)
			BackupInstance (0ms)
			ReleaseScriptingObjects (0ms)
			CreateAndSetChildDomain (27ms)
		EndReloadAssembly (469ms)
			LoadAssemblies (56ms)
			RebuildTransferFunctionScriptingTraits (0ms)
			SetupTypeCache (154ms)
			ReleaseScriptCaches (1ms)
			RebuildScriptCaches (22ms)
			SetupLoadedEditorAssemblies (180ms)
				LogAssemblyErrors (0ms)
				InitializePlatformSupportModulesInManaged (4ms)
				SetLoadedEditorAssemblies (0ms)
				RefreshPlugins (0ms)
				BeforeProcessingInitializeOnLoad (51ms)
				ProcessInitializeOnLoadAttributes (117ms)
				ProcessInitializeOnLoadMethodAttributes (3ms)
				AfterProcessingInitializeOnLoad (5ms)
				EditorAssembliesLoaded (0ms)
			ExecutionOrderSort2 (0ms)
			AwakeInstancesAfterBackupRestoration (4ms)
Platform modules already initialized, skipping
Refreshing native plugins compatible for Editor in 0.28 ms, found 2 plugins.
Preloading 0 native plugins for Editor in 0.00 ms.
Unloading 1392 Unused Serialized files (Serialized files now loaded: 0)
System memory in use before: 68.0 MB.
System memory in use after: 68.1 MB.

Unloading 11 unused Assets to reduce memory usage. Loaded Objects now: 1876.
Total: 2.156200 ms (FindLiveObjects: 0.114200 ms CreateObjectMapping: 0.031700 ms MarkObjects: 1.996500 ms  DeleteObjects: 0.013000 ms)

AssetImportParameters requested are different than current active one (requested -> active):
  custom:framework-win-MediaFoundation: 216162199b28c13a410421893ffa2e32 -> 
  custom:video-decoder-ogg-theora: a1e56fd34408186e4bbccfd4996cb3dc -> 
  custom:container-muxer-webm: aa71ff27fc2769a1b78a27578f13a17b -> 
  custom:container-demuxer-webm: 4f35f7cbe854078d1ac9338744f61a02 -> 
  custom:container-demuxer-ogg: 62fdf1f143b41e24485cea50d1cbac27 -> 
  custom:video-encoder-webm-vp8: eb34c28f22e8b96e1ab97ce403110664 -> 
  custom:video-decoder-webm-vp8: 9c59270c3fd7afecdb556c50c9e8de78 -> 
  custom:audio-decoder-ogg-vorbis: bf7c407c2cedff20999df2af8eb42d56 -> 
  custom:audio-encoder-webm-vorbis: bf7c407c2cedff20999df2af8eb42d56 -> 
========================================================================
Received Import Request.
  Time since last request: 148.413359 seconds.
  path: Assets/Prefabs/BlackPiece.prefab
  artifactKey: Guid(6e262398f8f63ba4397e56b44d618d71) Importer(815301076,1909f56bfc062723c751e8b465ee728b)
Start importing Assets/Prefabs/BlackPiece.prefab using Guid(6e262398f8f63ba4397e56b44d618d71) Importer(815301076,1909f56bfc062723c751e8b465ee728b)  -> (artifact id: '293a11c2492dc10e57f8a10dc5d353df') in 0.041118 seconds 
  Import took 0.043313 seconds .

========================================================================
Received Import Request.
  Time since last request: 5.877511 seconds.
  path: Assets/Prefabs/RedPiece.prefab
  artifactKey: Guid(fbe7cc0910939ca46af8be7c2538a1cb) Importer(815301076,1909f56bfc062723c751e8b465ee728b)
Start importing Assets/Prefabs/RedPiece.prefab using Guid(fbe7cc0910939ca46af8be7c2538a1cb) Importer(815301076,1909f56bfc062723c751e8b465ee728b)  -> (artifact id: '98408ed3b993ac855882dabfdac07764') in 0.009518 seconds 
  Import took 0.011614 seconds .

========================================================================
Received Import Request.
  Time since last request: 152.120617 seconds.
  path: Assets/Board.cs
  artifactKey: Guid(231d388d98bde5d4b9fc82edfb2c6def) Importer(815301076,1909f56bfc062723c751e8b465ee728b)
Start importing Assets/Board.cs using Guid(231d388d98bde5d4b9fc82edfb2c6def) Importer(815301076,1909f56bfc062723c751e8b465ee728b)  -> (artifact id: '94cbee2abef4b9b0423b2f3f25faa53b') in 0.001759 seconds 
  Import took 0.004024 seconds .

========================================================================
Received Prepare
Registering precompiled user dll's ...
Registered in 0.001959 seconds.
Begin MonoManager ReloadAssembly
Native extension for WindowsStandalone target not found
Refreshing native plugins compatible for Editor in 0.36 ms, found 2 plugins.
Preloading 0 native plugins for Editor in 0.00 ms.
Mono: successfully reloaded assembly
- Completed reload, in  0.612 seconds
Domain Reload Profiling:
	ReloadAssembly (612ms)
		BeginReloadAssembly (90ms)
			ExecutionOrderSort (0ms)
			DisableScriptedObjects (3ms)
			BackupInstance (0ms)
			ReleaseScriptingObjects (0ms)
			CreateAndSetChildDomain (27ms)
		EndReloadAssembly (480ms)
			LoadAssemblies (60ms)
			RebuildTransferFunctionScriptingTraits (0ms)
			SetupTypeCache (159ms)
			ReleaseScriptCaches (1ms)
			RebuildScriptCaches (22ms)
			SetupLoadedEditorAssemblies (182ms)
				LogAssemblyErrors (0ms)
				InitializePlatformSupportModulesInManaged (4ms)
				SetLoadedEditorAssemblies (0ms)
				RefreshPlugins (0ms)
				BeforeProcessingInitializeOnLoad (52ms)
				ProcessInitializeOnLoadAttributes (118ms)
				ProcessInitializeOnLoadMethodAttributes (3ms)
				AfterProcessingInitializeOnLoad (5ms)
				EditorAssembliesLoaded (0ms)
			ExecutionOrderSort2 (0ms)
			AwakeInstancesAfterBackupRestoration (4ms)
Platform modules already initialized, skipping
Refreshing native plugins compatible for Editor in 0.28 ms, found 2 plugins.
Preloading 0 native plugins for Editor in 0.00 ms.
Unloading 1393 Unused Serialized files (Serialized files now loaded: 0)
System memory in use before: 68.1 MB.
System memory in use after: 68.2 MB.

Unloading 11 unused Assets to reduce memory usage. Loaded Objects now: 1880.
Total: 2.146300 ms (FindLiveObjects: 0.126500 ms CreateObjectMapping: 0.032200 ms MarkObjects: 1.974800 ms  DeleteObjects: 0.012200 ms)

AssetImportParameters requested are different than current active one (requested -> active):
  custom:framework-win-MediaFoundation: 216162199b28c13a410421893ffa2e32 -> 
  custom:video-decoder-ogg-theora: a1e56fd34408186e4bbccfd4996cb3dc -> 
  custom:container-muxer-webm: aa71ff27fc2769a1b78a27578f13a17b -> 
  custom:container-demuxer-webm: 4f35f7cbe854078d1ac9338744f61a02 -> 
  custom:container-demuxer-ogg: 62fdf1f143b41e24485cea50d1cbac27 -> 
  custom:video-encoder-webm-vp8: eb34c28f22e8b96e1ab97ce403110664 -> 
  custom:video-decoder-webm-vp8: 9c59270c3fd7afecdb556c50c9e8de78 -> 
  custom:audio-decoder-ogg-vorbis: bf7c407c2cedff20999df2af8eb42d56 -> 
  custom:audio-encoder-webm-vorbis: bf7c407c2cedff20999df2af8eb42d56 -> 
========================================================================
Received Prepare
Registering precompiled user dll's ...
Registered in 0.001883 seconds.
Begin MonoManager ReloadAssembly
Native extension for WindowsStandalone target not found
Refreshing native plugins compatible for Editor in 0.32 ms, found 2 plugins.
Preloading 0 native plugins for Editor in 0.00 ms.
Mono: successfully reloaded assembly
- Completed reload, in  0.608 seconds
Domain Reload Profiling:
	ReloadAssembly (608ms)
		BeginReloadAssembly (89ms)
			ExecutionOrderSort (0ms)
			DisableScriptedObjects (4ms)
			BackupInstance (0ms)
			ReleaseScriptingObjects (0ms)
			CreateAndSetChildDomain (24ms)
		EndReloadAssembly (477ms)
			LoadAssemblies (58ms)
			RebuildTransferFunctionScriptingTraits (0ms)
			SetupTypeCache (153ms)
			ReleaseScriptCaches (1ms)
			RebuildScriptCaches (23ms)
			SetupLoadedEditorAssemblies (182ms)
				LogAssemblyErrors (0ms)
				InitializePlatformSupportModulesInManaged (3ms)
				SetLoadedEditorAssemblies (0ms)
				RefreshPlugins (0ms)
				BeforeProcessingInitializeOnLoad (52ms)
				ProcessInitializeOnLoadAttributes (119ms)
				ProcessInitializeOnLoadMethodAttributes (3ms)
				AfterProcessingInitializeOnLoad (5ms)
				EditorAssembliesLoaded (0ms)
			ExecutionOrderSort2 (0ms)
			AwakeInstancesAfterBackupRestoration (4ms)
Platform modules already initialized, skipping
Refreshing native plugins compatible for Editor in 0.27 ms, found 2 plugins.
Preloading 0 native plugins for Editor in 0.00 ms.
Unloading 1393 Unused Serialized files (Serialized files now loaded: 0)
System memory in use before: 68.1 MB.
System memory in use after: 68.2 MB.

Unloading 11 unused Assets to reduce memory usage. Loaded Objects now: 1882.
Total: 2.165700 ms (FindLiveObjects: 0.134800 ms CreateObjectMapping: 0.027500 ms MarkObjects: 1.989700 ms  DeleteObjects: 0.012700 ms)

AssetImportParameters requested are different than current active one (requested -> active):
  custom:framework-win-MediaFoundation: 216162199b28c13a410421893ffa2e32 -> 
  custom:video-decoder-ogg-theora: a1e56fd34408186e4bbccfd4996cb3dc -> 
  custom:container-muxer-webm: aa71ff27fc2769a1b78a27578f13a17b -> 
  custom:container-demuxer-webm: 4f35f7cbe854078d1ac9338744f61a02 -> 
  custom:container-demuxer-ogg: 62fdf1f143b41e24485cea50d1cbac27 -> 
  custom:video-encoder-webm-vp8: eb34c28f22e8b96e1ab97ce403110664 -> 
  custom:video-decoder-webm-vp8: 9c59270c3fd7afecdb556c50c9e8de78 -> 
  custom:audio-decoder-ogg-vorbis: bf7c407c2cedff20999df2af8eb42d56 -> 
  custom:audio-encoder-webm-vorbis: bf7c407c2cedff20999df2af8eb42d56 -> 
========================================================================
Received Import Request.
  Time since last request: 248.756185 seconds.
  path: Assets/GenerateBoard.cs
  artifactKey: Guid(5979894040aeef5419a9cedbd021ea64) Importer(815301076,1909f56bfc062723c751e8b465ee728b)
Start importing Assets/GenerateBoard.cs using Guid(5979894040aeef5419a9cedbd021ea64) Importer(815301076,1909f56bfc062723c751e8b465ee728b)  -> (artifact id: '674c0edb696612edfcb2bb58668d5658') in 0.004086 seconds 
  Import took 0.006302 seconds .

========================================================================
Received Import Request.
  Time since last request: 0.000195 seconds.
  path: Assets/GenerateBoard.cs
  artifactKey: Guid(5979894040aeef5419a9cedbd021ea64) Importer(815301076,1909f56bfc062723c751e8b465ee728b)
Start importing Assets/GenerateBoard.cs using Guid(5979894040aeef5419a9cedbd021ea64) Importer(815301076,1909f56bfc062723c751e8b465ee728b)  -> (artifact id: '674c0edb696612edfcb2bb58668d5658') in 0.001330 seconds 
  Import took 0.002617 seconds .

========================================================================
Received Import Request.
  Time since last request: 1103.186700 seconds.
  path: Assets/Scenes
  artifactKey: Guid(3be8b21354bbffc4aaa540737766a867) Importer(815301076,1909f56bfc062723c751e8b465ee728b)
Start importing Assets/Scenes using Guid(3be8b21354bbffc4aaa540737766a867) Importer(815301076,1909f56bfc062723c751e8b465ee728b)  -> (artifact id: 'b478e297dbdd46fb3f38ee42c4172cc5') in 0.005509 seconds 
  Import took 0.007709 seconds .

========================================================================
Received Import Request.
  Time since last request: 292.859701 seconds.
  path: Assets/Scenes/checkers-switch-hero.jpg
  artifactKey: Guid(30c225016c252ef4ca239c318a93db74) Importer(815301076,1909f56bfc062723c751e8b465ee728b)
Start importing Assets/Scenes/checkers-switch-hero.jpg using Guid(30c225016c252ef4ca239c318a93db74) Importer(815301076,1909f56bfc062723c751e8b465ee728b)  -> (artifact id: '6f31f9884a3cb3d0a297df15c2107959') in 0.034000 seconds 
  Import took 0.036297 seconds .

========================================================================
Received Prepare
Registering precompiled user dll's ...
Registered in 0.001883 seconds.
Begin MonoManager ReloadAssembly
Native extension for WindowsStandalone target not found
Refreshing native plugins compatible for Editor in 0.34 ms, found 2 plugins.
Preloading 0 native plugins for Editor in 0.00 ms.
Mono: successfully reloaded assembly
- Completed reload, in  0.594 seconds
Domain Reload Profiling:
	ReloadAssembly (594ms)
		BeginReloadAssembly (79ms)
			ExecutionOrderSort (0ms)
			DisableScriptedObjects (3ms)
			BackupInstance (0ms)
			ReleaseScriptingObjects (0ms)
			CreateAndSetChildDomain (25ms)
		EndReloadAssembly (474ms)
			LoadAssemblies (55ms)
			RebuildTransferFunctionScriptingTraits (0ms)
			SetupTypeCache (156ms)
			ReleaseScriptCaches (1ms)
			RebuildScriptCaches (22ms)
			SetupLoadedEditorAssemblies (183ms)
				LogAssemblyErrors (0ms)
				InitializePlatformSupportModulesInManaged (4ms)
				SetLoadedEditorAssemblies (0ms)
				RefreshPlugins (0ms)
				BeforeProcessingInitializeOnLoad (54ms)
				ProcessInitializeOnLoadAttributes (116ms)
				ProcessInitializeOnLoadMethodAttributes (3ms)
				AfterProcessingInitializeOnLoad (5ms)
				EditorAssembliesLoaded (0ms)
			ExecutionOrderSort2 (0ms)
			AwakeInstancesAfterBackupRestoration (4ms)
Platform modules already initialized, skipping
Refreshing native plugins compatible for Editor in 0.29 ms, found 2 plugins.
Preloading 0 native plugins for Editor in 0.00 ms.
Unloading 1406 Unused Serialized files (Serialized files now loaded: 0)
System memory in use before: 70.3 MB.
System memory in use after: 69.8 MB.

Unloading 24 unused Assets to reduce memory usage. Loaded Objects now: 1886.
Total: 2.150800 ms (FindLiveObjects: 0.108600 ms CreateObjectMapping: 0.032100 ms MarkObjects: 1.830500 ms  DeleteObjects: 0.179000 ms)

AssetImportParameters requested are different than current active one (requested -> active):
  custom:framework-win-MediaFoundation: 216162199b28c13a410421893ffa2e32 -> 
  custom:video-decoder-ogg-theora: a1e56fd34408186e4bbccfd4996cb3dc -> 
  custom:container-muxer-webm: aa71ff27fc2769a1b78a27578f13a17b -> 
  custom:container-demuxer-webm: 4f35f7cbe854078d1ac9338744f61a02 -> 
  custom:container-demuxer-ogg: 62fdf1f143b41e24485cea50d1cbac27 -> 
  custom:video-encoder-webm-vp8: eb34c28f22e8b96e1ab97ce403110664 -> 
  custom:video-decoder-webm-vp8: 9c59270c3fd7afecdb556c50c9e8de78 -> 
  custom:audio-decoder-ogg-vorbis: bf7c407c2cedff20999df2af8eb42d56 -> 
  custom:audio-encoder-webm-vorbis: bf7c407c2cedff20999df2af8eb42d56 -> 
AssetImportWorkerClient::OnTransportError - code=2 error=End of file
